This file contains any messages produced by compilers while
running configure, to aid debugging if configure makes a mistake.

It was created by VBISAM configure 2.0, which was
generated by GNU Autoconf 2.59.  Invocation command line was

  $ ./configure 

## --------- ##
## Platform. ##
## --------- ##

hostname = ShunsakunoMacBook-Pro.local
uname -m = arm64
uname -r = 24.6.0
uname -s = Darwin
uname -v = Darwin Kernel Version 24.6.0: Mon Jul 14 11:30:55 PDT 2025; root:xnu-11417.140.69~1/RELEASE_ARM64_T6031

/usr/bin/uname -p = arm
/bin/uname -X     = unknown

/bin/arch              = unknown
/usr/bin/arch -k       = unknown
/usr/convex/getsysinfo = unknown
hostinfo               = Mach kernel version:
	 Darwin Kernel Version 24.6.0: Mon Jul 14 11:30:55 PDT 2025; root:xnu-11417.140.69~1/RELEASE_ARM64_T6031
Kernel configured for up to 16 processors.
16 processors are physically available.
16 processors are logically available.
Processor type: arm64e (ARM64E)
Processors active: 0 1 2 3 4 5 6 7 8 9 10 11 12 13 14 15
Primary memory available: 128.00 gigabytes
Default processor set: 749 tasks, 4236 threads, 16 processors
Load average: 2.74, Mach factor: 13.24
/bin/machine           = unknown
/usr/bin/oslevel       = unknown
/bin/universe          = unknown

PATH: /Users/uemonmac/.antigravity/antigravity/bin
PATH: /opt/zig
PATH: /Users/uemonmac/.pyenv/shims
PATH: /opt/homebrew/bin
PATH: /opt/homebrew/sbin
PATH: /usr/local/bin
PATH: /System/Cryptexes/App/usr/bin
PATH: /usr/bin
PATH: /bin
PATH: /usr/sbin
PATH: /sbin
PATH: /var/run/com.apple.security.cryptexd/codex.system/bootstrap/usr/local/bin
PATH: /var/run/com.apple.security.cryptexd/codex.system/bootstrap/usr/bin
PATH: /var/run/com.apple.security.cryptexd/codex.system/bootstrap/usr/appleinternal/bin
PATH: /Library/Apple/usr/bin
PATH: /opt/podman/bin
PATH: /Users/uemonmac/.cache/lm-studio/bin


## ----------- ##
## Core tests. ##
## ----------- ##

configure:1573: checking for a BSD-compatible install
configure:1628: result: /usr/bin/install -c
configure:1639: checking whether build environment is sane
configure:1682: result: yes
configure:1747: checking for gawk
configure:1776: result: no
configure:1747: checking for mawk
configure:1776: result: no
configure:1747: checking for nawk
configure:1776: result: no
configure:1747: checking for awk
configure:1763: found /usr/bin/awk
configure:1773: result: awk
configure:1783: checking whether make sets $(MAKE)
configure:1803: result: yes
configure:1971: checking whether to enable maintainer-specific portions of Makefiles
configure:1980: result: no
configure:2113: checking for gcc
configure:2129: found /usr/bin/gcc
configure:2139: result: gcc
configure:2383: checking for C compiler version
configure:2386: gcc --version </dev/null >&5
Apple clang version 17.0.0 (clang-1700.0.13.5)
Target: arm64-apple-darwin24.6.0
Thread model: posix
InstalledDir: /Library/Developer/CommandLineTools/usr/bin
configure:2389: $? = 0
configure:2391: gcc -v </dev/null >&5
Apple clang version 17.0.0 (clang-1700.0.13.5)
Target: arm64-apple-darwin24.6.0
Thread model: posix
InstalledDir: /Library/Developer/CommandLineTools/usr/bin
configure:2394: $? = 0
configure:2396: gcc -V </dev/null >&5
clang: error: argument to '-V' is missing (expected 1 value)
clang: error: no input files
configure:2399: $? = 1
configure:2422: checking for C compiler default output file name
configure:2425: gcc    conftest.c  >&5
configure:2428: $? = 0
configure:2474: result: a.out
configure:2479: checking whether the C compiler works
configure:2485: ./a.out
configure:2488: $? = 0
configure:2505: result: yes
configure:2512: checking whether we are cross compiling
configure:2514: result: no
configure:2517: checking for suffix of executables
configure:2519: gcc -o conftest    conftest.c  >&5
configure:2522: $? = 0
configure:2547: result: 
configure:2553: checking for suffix of object files
configure:2574: gcc -c   conftest.c >&5
configure:2577: $? = 0
configure:2599: result: o
configure:2603: checking whether we are using the GNU C compiler
configure:2627: gcc -c   conftest.c >&5
configure:2633: $? = 0
configure:2637: test -z 
			 || test ! -s conftest.err
configure:2640: $? = 0
configure:2643: test -s conftest.o
configure:2646: $? = 0
configure:2659: result: yes
configure:2665: checking whether gcc accepts -g
configure:2686: gcc -c -g  conftest.c >&5
configure:2692: $? = 0
configure:2696: test -z 
			 || test ! -s conftest.err
configure:2699: $? = 0
configure:2702: test -s conftest.o
configure:2705: $? = 0
configure:2716: result: yes
configure:2733: checking for gcc option to accept ANSI C
configure:2803: gcc  -c -g -O2  conftest.c >&5
conftest.c:22:14: warning: a function definition without a prototype is deprecated in all versions of C and is not supported in C23 [-Wdeprecated-non-prototype]
   22 | static char *e (p, i)
      |              ^
1 warning generated.
configure:2809: $? = 0
configure:2813: test -z 
			 || test ! -s conftest.err
configure:2816: $? = 0
configure:2819: test -s conftest.o
configure:2822: $? = 0
configure:2840: result: none needed
configure:2858: gcc -c -g -O2  conftest.c >&5
conftest.c:2:3: error: unknown type name 'choke'
    2 |   choke me
      |   ^
conftest.c:2:11: error: expected ';' after top level declarator
    2 |   choke me
      |           ^
      |           ;
2 errors generated.
configure:2864: $? = 1
configure: failed program was:
| #ifndef __cplusplus
|   choke me
| #endif
configure:3008: checking for style of include used by make
configure:3036: result: GNU
configure:3064: checking dependency style of gcc
configure:3154: result: gcc3
configure:3174: checking whether ln -s works
configure:3178: result: yes
configure:3198: checking for a BSD-compatible install
configure:3253: result: /usr/bin/install -c
configure:3345: checking build system type
configure:3363: result: arm-apple-darwin24.6.0
configure:3371: checking host system type
configure:3385: result: arm-apple-darwin24.6.0
configure:3393: checking for a sed that does not truncate output
configure:3449: result: /usr/bin/sed
configure:3452: checking for egrep
configure:3462: result: grep -E
configure:3478: checking for ld used by gcc
configure:3545: result: /Library/Developer/CommandLineTools/usr/bin/ld
configure:3554: checking if the linker (/Library/Developer/CommandLineTools/usr/bin/ld) is GNU ld
configure:3569: result: no
configure:3574: checking for /Library/Developer/CommandLineTools/usr/bin/ld option to reload object files
configure:3581: result: -r
configure:3599: checking for BSD-compatible nm
configure:3648: result: /usr/bin/nm -B
configure:3652: checking how to recognize dependent libraries
configure:3838: result: pass_all
configure:4324: checking how to run the C preprocessor
configure:4359: gcc -E  conftest.c
configure:4365: $? = 0
configure:4397: gcc -E  conftest.c
conftest.c:15:10: fatal error: 'ac_nonexistent.h' file not found
   15 | #include <ac_nonexistent.h>
      |          ^~~~~~~~~~~~~~~~~~
1 error generated.
configure:4403: $? = 1
configure: failed program was:
| /* confdefs.h.  */
| 
| #define PACKAGE_NAME "VBISAM"
| #define PACKAGE_TARNAME "vbisam"
| #define PACKAGE_VERSION "2.0"
| #define PACKAGE_STRING "VBISAM 2.0"
| #define PACKAGE_BUGREPORT "vbisam-list@lists.sourceforge.net"
| #define PACKAGE "vbisam"
| #define VERSION "2.0"
| #define __USE_STRING_INLINES 1
| #define WITH_LFS64 1
| #define ISAMMODE 1
| #define WITH_LFS64 1
| /* end confdefs.h.  */
| #include <ac_nonexistent.h>
configure:4442: result: gcc -E
configure:4466: gcc -E  conftest.c
configure:4472: $? = 0
configure:4504: gcc -E  conftest.c
conftest.c:15:10: fatal error: 'ac_nonexistent.h' file not found
   15 | #include <ac_nonexistent.h>
      |          ^~~~~~~~~~~~~~~~~~
1 error generated.
configure:4510: $? = 1
configure: failed program was:
| /* confdefs.h.  */
| 
| #define PACKAGE_NAME "VBISAM"
| #define PACKAGE_TARNAME "vbisam"
| #define PACKAGE_VERSION "2.0"
| #define PACKAGE_STRING "VBISAM 2.0"
| #define PACKAGE_BUGREPORT "vbisam-list@lists.sourceforge.net"
| #define PACKAGE "vbisam"
| #define VERSION "2.0"
| #define __USE_STRING_INLINES 1
| #define WITH_LFS64 1
| #define ISAMMODE 1
| #define WITH_LFS64 1
| /* end confdefs.h.  */
| #include <ac_nonexistent.h>
configure:4554: checking for ANSI C header files
configure:4579: gcc -c -g -O2  conftest.c >&5
configure:4585: $? = 0
configure:4589: test -z 
			 || test ! -s conftest.err
configure:4592: $? = 0
configure:4595: test -s conftest.o
configure:4598: $? = 0
configure:4687: gcc -o conftest -g -O2   conftest.c  >&5
conftest.c:32:7: error: call to undeclared library function 'exit' with type 'void (int) __attribute__((noreturn))'; ISO C99 and later do not support implicit function declarations [-Wimplicit-function-declaration]
   32 |       exit(2);
      |       ^
conftest.c:32:7: note: include the header <stdlib.h> or explicitly provide a declaration for 'exit'
1 error generated.
configure:4690: $? = 1
configure: program exited with status 1
configure: failed program was:
| /* confdefs.h.  */
| 
| #define PACKAGE_NAME "VBISAM"
| #define PACKAGE_TARNAME "vbisam"
| #define PACKAGE_VERSION "2.0"
| #define PACKAGE_STRING "VBISAM 2.0"
| #define PACKAGE_BUGREPORT "vbisam-list@lists.sourceforge.net"
| #define PACKAGE "vbisam"
| #define VERSION "2.0"
| #define __USE_STRING_INLINES 1
| #define WITH_LFS64 1
| #define ISAMMODE 1
| #define WITH_LFS64 1
| /* end confdefs.h.  */
| #include <ctype.h>
| #if ((' ' & 0x0FF) == 0x020)
| # define ISLOWER(c) ('a' <= (c) && (c) <= 'z')
| # define TOUPPER(c) (ISLOWER(c) ? 'A' + ((c) - 'a') : (c))
| #else
| # define ISLOWER(c) 		   (('a' <= (c) && (c) <= 'i') 		     || ('j' <= (c) && (c) <= 'r') 		     || ('s' <= (c) && (c) <= 'z'))
| # define TOUPPER(c) (ISLOWER(c) ? ((c) | 0x40) : (c))
| #endif
| 
| #define XOR(e, f) (((e) && !(f)) || (!(e) && (f)))
| int
| main ()
| {
|   int i;
|   for (i = 0; i < 256; i++)
|     if (XOR (islower (i), ISLOWER (i))
| 	|| toupper (i) != TOUPPER (i))
|       exit(2);
|   exit (0);
| }
configure:4710: result: no
configure:4734: checking for sys/types.h
configure:4750: gcc -c -g -O2  conftest.c >&5
configure:4756: $? = 0
configure:4760: test -z 
			 || test ! -s conftest.err
configure:4763: $? = 0
configure:4766: test -s conftest.o
configure:4769: $? = 0
configure:4780: result: yes
configure:4734: checking for sys/stat.h
configure:4750: gcc -c -g -O2  conftest.c >&5
configure:4756: $? = 0
configure:4760: test -z 
			 || test ! -s conftest.err
configure:4763: $? = 0
configure:4766: test -s conftest.o
configure:4769: $? = 0
configure:4780: result: yes
configure:4734: checking for stdlib.h
configure:4750: gcc -c -g -O2  conftest.c >&5
configure:4756: $? = 0
configure:4760: test -z 
			 || test ! -s conftest.err
configure:4763: $? = 0
configure:4766: test -s conftest.o
configure:4769: $? = 0
configure:4780: result: yes
configure:4734: checking for string.h
configure:4750: gcc -c -g -O2  conftest.c >&5
configure:4756: $? = 0
configure:4760: test -z 
			 || test ! -s conftest.err
configure:4763: $? = 0
configure:4766: test -s conftest.o
configure:4769: $? = 0
configure:4780: result: yes
configure:4734: checking for memory.h
configure:4750: gcc -c -g -O2  conftest.c >&5
configure:4756: $? = 0
configure:4760: test -z 
			 || test ! -s conftest.err
configure:4763: $? = 0
configure:4766: test -s conftest.o
configure:4769: $? = 0
configure:4780: result: yes
configure:4734: checking for strings.h
configure:4750: gcc -c -g -O2  conftest.c >&5
configure:4756: $? = 0
configure:4760: test -z 
			 || test ! -s conftest.err
configure:4763: $? = 0
configure:4766: test -s conftest.o
configure:4769: $? = 0
configure:4780: result: yes
configure:4734: checking for inttypes.h
configure:4750: gcc -c -g -O2  conftest.c >&5
configure:4756: $? = 0
configure:4760: test -z 
			 || test ! -s conftest.err
configure:4763: $? = 0
configure:4766: test -s conftest.o
configure:4769: $? = 0
configure:4780: result: yes
configure:4734: checking for stdint.h
configure:4750: gcc -c -g -O2  conftest.c >&5
configure:4756: $? = 0
configure:4760: test -z 
			 || test ! -s conftest.err
configure:4763: $? = 0
configure:4766: test -s conftest.o
configure:4769: $? = 0
configure:4780: result: yes
configure:4734: checking for unistd.h
configure:4750: gcc -c -g -O2  conftest.c >&5
configure:4756: $? = 0
configure:4760: test -z 
			 || test ! -s conftest.err
configure:4763: $? = 0
configure:4766: test -s conftest.o
configure:4769: $? = 0
configure:4780: result: yes
configure:4806: checking dlfcn.h usability
configure:4818: gcc -c -g -O2  conftest.c >&5
configure:4824: $? = 0
configure:4828: test -z 
			 || test ! -s conftest.err
configure:4831: $? = 0
configure:4834: test -s conftest.o
configure:4837: $? = 0
configure:4847: result: yes
configure:4851: checking dlfcn.h presence
configure:4861: gcc -E  conftest.c
configure:4867: $? = 0
configure:4887: result: yes
configure:4922: checking for dlfcn.h
configure:4929: result: yes
configure:5185: checking the maximum length of command line arguments
configure:5297: result: 786432
configure:5309: checking command to parse /usr/bin/nm -B output from gcc object
configure:5414: gcc -c -g -O2  conftest.c >&5
configure:5417: $? = 0
configure:5421: /usr/bin/nm -B conftest.o \| sed -n -e 's/^.*[ 	]\([ABCDGIRSTW][ABCDGIRSTW]*\)[ 	][ 	]*\([_A-Za-z][_A-Za-z0-9]*\)$/\1 \2 \2/p' \> conftest.nm
configure:5424: $? = 0
cannot find nm_test_var in conftest.nm
configure:5414: gcc -c -g -O2  conftest.c >&5
configure:5417: $? = 0
configure:5421: /usr/bin/nm -B conftest.o \| sed -n -e 's/^.*[ 	]\([ABCDGIRSTW][ABCDGIRSTW]*\)[ 	][ 	]*_\([_A-Za-z][_A-Za-z0-9]*\)$/\1 _\2 \2/p' \> conftest.nm
configure:5424: $? = 0
configure:5476: gcc -o conftest -g -O2   conftest.c conftstm.o >&5
configure:5479: $? = 0
configure:5517: result: ok
configure:5521: checking for objdir
configure:5536: result: .libs
configure:5626: checking for ar
configure:5642: found /usr/bin/ar
configure:5653: result: ar
configure:5706: checking for ranlib
configure:5722: found /usr/bin/ranlib
configure:5733: result: ranlib
configure:5786: checking for strip
configure:5802: found /usr/bin/strip
configure:5813: result: strip
configure:6085: checking if gcc supports -fno-rtti -fno-exceptions
configure:6103: gcc -c -g -O2  -fno-rtti -fno-exceptions conftest.c >&5
configure:6107: $? = 0
configure:6120: result: yes
configure:6135: checking for gcc option to produce PIC
configure:6367: result: -fno-common
configure:6375: checking if gcc PIC flag -fno-common works
configure:6393: gcc -c -g -O2  -fno-common -DPIC conftest.c >&5
configure:6397: $? = 0
configure:6410: result: yes
configure:6438: checking if gcc static flag -static works
configure:6466: result: no
configure:6476: checking if gcc supports -c -o file.o
configure:6497: gcc -c -g -O2  -o out/conftest2.o conftest.c >&5
configure:6501: $? = 0
configure:6523: result: yes
configure:6549: checking whether the gcc linker (/Library/Developer/CommandLineTools/usr/bin/ld) supports shared libraries
configure:7533: result: yes
configure:7600: checking dynamic linker characteristics
configure:8202: result: darwin24.6.0 dyld
configure:8211: checking how to hardcode library paths into programs
configure:8236: result: immediate
configure:8250: checking whether stripping libraries is possible
configure:8264: result: yes
configure:9090: checking if libtool supports shared libraries
configure:9092: result: yes
configure:9095: checking whether to build shared libraries
configure:9116: result: yes
configure:9119: checking whether to build static libraries
configure:9123: result: yes
configure:9216: creating libtool
configure:18420: checking whether make sets $(MAKE)
configure:18440: result: yes
configure:18451: checking for ANSI C header files
configure:18607: result: no
configure:18627: checking for stdint.h
configure:18632: result: yes
configure:18627: checking for sys/types.h
configure:18632: result: yes
configure:18636: checking fcntl.h usability
configure:18648: gcc -c -g -O2  conftest.c >&5
configure:18654: $? = 0
configure:18658: test -z 
			 || test ! -s conftest.err
configure:18661: $? = 0
configure:18664: test -s conftest.o
configure:18667: $? = 0
configure:18677: result: yes
configure:18681: checking fcntl.h presence
configure:18691: gcc -E  conftest.c
configure:18697: $? = 0
configure:18717: result: yes
configure:18752: checking for fcntl.h
configure:18759: result: yes
configure:18636: checking malloc.h usability
configure:18648: gcc -c -g -O2  conftest.c >&5
conftest.c:62:10: fatal error: 'malloc.h' file not found
   62 | #include <malloc.h>
      |          ^~~~~~~~~~
1 error generated.
configure:18654: $? = 1
configure: failed program was:
| /* confdefs.h.  */
| 
| #define PACKAGE_NAME "VBISAM"
| #define PACKAGE_TARNAME "vbisam"
| #define PACKAGE_VERSION "2.0"
| #define PACKAGE_STRING "VBISAM 2.0"
| #define PACKAGE_BUGREPORT "vbisam-list@lists.sourceforge.net"
| #define PACKAGE "vbisam"
| #define VERSION "2.0"
| #define __USE_STRING_INLINES 1
| #define WITH_LFS64 1
| #define ISAMMODE 1
| #define WITH_LFS64 1
| #define HAVE_SYS_TYPES_H 1
| #define HAVE_SYS_STAT_H 1
| #define HAVE_STDLIB_H 1
| #define HAVE_STRING_H 1
| #define HAVE_MEMORY_H 1
| #define HAVE_STRINGS_H 1
| #define HAVE_INTTYPES_H 1
| #define HAVE_STDINT_H 1
| #define HAVE_UNISTD_H 1
| #define HAVE_DLFCN_H 1
| #define HAVE_STDINT_H 1
| #define HAVE_SYS_TYPES_H 1
| #define HAVE_FCNTL_H 1
| /* end confdefs.h.  */
| #include <stdio.h>
| #if HAVE_SYS_TYPES_H
| # include <sys/types.h>
| #endif
| #if HAVE_SYS_STAT_H
| # include <sys/stat.h>
| #endif
| #if STDC_HEADERS
| # include <stdlib.h>
| # include <stddef.h>
| #else
| # if HAVE_STDLIB_H
| #  include <stdlib.h>
| # endif
| #endif
| #if HAVE_STRING_H
| # if !STDC_HEADERS && HAVE_MEMORY_H
| #  include <memory.h>
| # endif
| # include <string.h>
| #endif
| #if HAVE_STRINGS_H
| # include <strings.h>
| #endif
| #if HAVE_INTTYPES_H
| # include <inttypes.h>
| #else
| # if HAVE_STDINT_H
| #  include <stdint.h>
| # endif
| #endif
| #if HAVE_UNISTD_H
| # include <unistd.h>
| #endif
| #include <malloc.h>
configure:18677: result: no
configure:18681: checking malloc.h presence
configure:18691: gcc -E  conftest.c
conftest.c:28:10: fatal error: 'malloc.h' file not found
   28 | #include <malloc.h>
      |          ^~~~~~~~~~
1 error generated.
configure:18697: $? = 1
configure: failed program was:
| /* confdefs.h.  */
| 
| #define PACKAGE_NAME "VBISAM"
| #define PACKAGE_TARNAME "vbisam"
| #define PACKAGE_VERSION "2.0"
| #define PACKAGE_STRING "VBISAM 2.0"
| #define PACKAGE_BUGREPORT "vbisam-list@lists.sourceforge.net"
| #define PACKAGE "vbisam"
| #define VERSION "2.0"
| #define __USE_STRING_INLINES 1
| #define WITH_LFS64 1
| #define ISAMMODE 1
| #define WITH_LFS64 1
| #define HAVE_SYS_TYPES_H 1
| #define HAVE_SYS_STAT_H 1
| #define HAVE_STDLIB_H 1
| #define HAVE_STRING_H 1
| #define HAVE_MEMORY_H 1
| #define HAVE_STRINGS_H 1
| #define HAVE_INTTYPES_H 1
| #define HAVE_STDINT_H 1
| #define HAVE_UNISTD_H 1
| #define HAVE_DLFCN_H 1
| #define HAVE_STDINT_H 1
| #define HAVE_SYS_TYPES_H 1
| #define HAVE_FCNTL_H 1
| /* end confdefs.h.  */
| #include <malloc.h>
configure:18717: result: no
configure:18752: checking for malloc.h
configure:18759: result: no
configure:18636: checking stddef.h usability
configure:18648: gcc -c -g -O2  conftest.c >&5
configure:18654: $? = 0
configure:18658: test -z 
			 || test ! -s conftest.err
configure:18661: $? = 0
configure:18664: test -s conftest.o
configure:18667: $? = 0
configure:18677: result: yes
configure:18681: checking stddef.h presence
configure:18691: gcc -E  conftest.c
configure:18697: $? = 0
configure:18717: result: yes
configure:18752: checking for stddef.h
configure:18759: result: yes
configure:18636: checking wchar.h usability
configure:18648: gcc -c -g -O2  conftest.c >&5
configure:18654: $? = 0
configure:18658: test -z 
			 || test ! -s conftest.err
configure:18661: $? = 0
configure:18664: test -s conftest.o
configure:18667: $? = 0
configure:18677: result: yes
configure:18681: checking wchar.h presence
configure:18691: gcc -E  conftest.c
configure:18697: $? = 0
configure:18717: result: yes
configure:18752: checking for wchar.h
configure:18759: result: yes
configure:18774: checking for an ANSI C-conforming const
configure:18841: gcc -c -g -O2  conftest.c >&5
configure:18847: $? = 0
configure:18851: test -z 
			 || test ! -s conftest.err
configure:18854: $? = 0
configure:18857: test -s conftest.o
configure:18860: $? = 0
configure:18871: result: yes
configure:18881: checking whether byte ordering is bigendian
configure:18908: gcc -c -g -O2  conftest.c >&5
configure:18914: $? = 0
configure:18918: test -z 
			 || test ! -s conftest.err
configure:18921: $? = 0
configure:18924: test -s conftest.o
configure:18927: $? = 0
configure:18951: gcc -c -g -O2  conftest.c >&5
conftest.c:37:2: error: use of undeclared identifier 'not'
   37 |  not big endian
      |  ^
1 error generated.
configure:18957: $? = 1
configure: failed program was:
| /* confdefs.h.  */
| 
| #define PACKAGE_NAME "VBISAM"
| #define PACKAGE_TARNAME "vbisam"
| #define PACKAGE_VERSION "2.0"
| #define PACKAGE_STRING "VBISAM 2.0"
| #define PACKAGE_BUGREPORT "vbisam-list@lists.sourceforge.net"
| #define PACKAGE "vbisam"
| #define VERSION "2.0"
| #define __USE_STRING_INLINES 1
| #define WITH_LFS64 1
| #define ISAMMODE 1
| #define WITH_LFS64 1
| #define HAVE_SYS_TYPES_H 1
| #define HAVE_SYS_STAT_H 1
| #define HAVE_STDLIB_H 1
| #define HAVE_STRING_H 1
| #define HAVE_MEMORY_H 1
| #define HAVE_STRINGS_H 1
| #define HAVE_INTTYPES_H 1
| #define HAVE_STDINT_H 1
| #define HAVE_UNISTD_H 1
| #define HAVE_DLFCN_H 1
| #define HAVE_STDINT_H 1
| #define HAVE_SYS_TYPES_H 1
| #define HAVE_FCNTL_H 1
| #define HAVE_STDDEF_H 1
| #define HAVE_WCHAR_H 1
| /* end confdefs.h.  */
| #include <sys/types.h>
| #include <sys/param.h>
| 
| int
| main ()
| {
| #if BYTE_ORDER != BIG_ENDIAN
|  not big endian
| #endif
| 
|   ;
|   return 0;
| }
configure:19092: result: no
configure:19111: checking for size_t
configure:19135: gcc -c -g -O2  conftest.c >&5
configure:19141: $? = 0
configure:19145: test -z 
			 || test ! -s conftest.err
configure:19148: $? = 0
configure:19151: test -s conftest.o
configure:19154: $? = 0
configure:19165: result: yes
configure:19178: checking for long long
configure:19200: gcc -o conftest -g -O2   conftest.c  >&5
configure:19206: $? = 0
configure:19210: test -z 
			 || test ! -s conftest.err
configure:19213: $? = 0
configure:19216: test -s conftest
configure:19219: $? = 0
configure:19231: result: yes
configure:19241: checking whether struct tm is in sys/time.h or time.h
configure:19264: gcc -c -g -O2  conftest.c >&5
conftest.c:37:20: warning: expression result unused [-Wunused-value]
   37 | struct tm *tp; tp->tm_sec;
      |                ~~  ^~~~~~
1 warning generated.
configure:19270: $? = 0
configure:19274: test -z 
			 || test ! -s conftest.err
configure:19277: $? = 0
configure:19280: test -s conftest.o
configure:19283: $? = 0
configure:19294: result: time.h
configure:19308: checking for working alloca.h
configure:19329: gcc -o conftest -g -O2   conftest.c  >&5
configure:19335: $? = 0
configure:19339: test -z 
			 || test ! -s conftest.err
configure:19342: $? = 0
configure:19345: test -s conftest
configure:19348: $? = 0
configure:19360: result: yes
configure:19370: checking for alloca
configure:19411: gcc -o conftest -g -O2   conftest.c  >&5
configure:19417: $? = 0
configure:19421: test -z 
			 || test ! -s conftest.err
configure:19424: $? = 0
configure:19427: test -s conftest
configure:19430: $? = 0
configure:19442: result: yes
configure:19669: checking for vprintf
configure:19726: gcc -o conftest -g -O2   conftest.c  >&5
conftest.c:57:6: warning: incompatible redeclaration of library function 'vprintf' [-Wincompatible-library-redeclaration]
   57 | char vprintf ();
      |      ^
conftest.c:57:6: note: 'vprintf' is a builtin with type 'int (const char *restrict, __builtin_va_list)'
1 warning generated.
configure:19732: $? = 0
configure:19736: test -z 
			 || test ! -s conftest.err
configure:19739: $? = 0
configure:19742: test -s conftest
configure:19745: $? = 0
configure:19757: result: yes
configure:19764: checking for _doprnt
configure:19821: gcc -o conftest -g -O2   conftest.c  >&5
Undefined symbols for architecture arm64:
  "__doprnt", referenced from:
      _main in conftest-2f1bab.o
      _f in conftest-2f1bab.o
ld: symbol(s) not found for architecture arm64
clang: error: linker command failed with exit code 1 (use -v to see invocation)
configure:19827: $? = 1
configure: failed program was:
| /* confdefs.h.  */
| 
| #define PACKAGE_NAME "VBISAM"
| #define PACKAGE_TARNAME "vbisam"
| #define PACKAGE_VERSION "2.0"
| #define PACKAGE_STRING "VBISAM 2.0"
| #define PACKAGE_BUGREPORT "vbisam-list@lists.sourceforge.net"
| #define PACKAGE "vbisam"
| #define VERSION "2.0"
| #define __USE_STRING_INLINES 1
| #define WITH_LFS64 1
| #define ISAMMODE 1
| #define WITH_LFS64 1
| #define HAVE_SYS_TYPES_H 1
| #define HAVE_SYS_STAT_H 1
| #define HAVE_STDLIB_H 1
| #define HAVE_STRING_H 1
| #define HAVE_MEMORY_H 1
| #define HAVE_STRINGS_H 1
| #define HAVE_INTTYPES_H 1
| #define HAVE_STDINT_H 1
| #define HAVE_UNISTD_H 1
| #define HAVE_DLFCN_H 1
| #define HAVE_STDINT_H 1
| #define HAVE_SYS_TYPES_H 1
| #define HAVE_FCNTL_H 1
| #define HAVE_STDDEF_H 1
| #define HAVE_WCHAR_H 1
| #define HAVE_LONG_LONG 1
| #define HAVE_ALLOCA_H 1
| #define HAVE_ALLOCA 1
| #define HAVE_VPRINTF 1
| /* end confdefs.h.  */
| /* Define _doprnt to an innocuous variant, in case <limits.h> declares _doprnt.
|    For example, HP-UX 11i <limits.h> declares gettimeofday.  */
| #define _doprnt innocuous__doprnt
| 
| /* System header to define __stub macros and hopefully few prototypes,
|     which can conflict with char _doprnt (); below.
|     Prefer <limits.h> to <assert.h> if __STDC__ is defined, since
|     <limits.h> exists even on freestanding compilers.  */
| 
| #ifdef __STDC__
| # include <limits.h>
| #else
| # include <assert.h>
| #endif
| 
| #undef _doprnt
| 
| /* Override any gcc2 internal prototype to avoid an error.  */
| #ifdef __cplusplus
| extern "C"
| {
| #endif
| /* We use char because int might match the return type of a gcc2
|    builtin and then its argument prototype would still apply.  */
| char _doprnt ();
| /* The GNU C library defines this for functions which it implements
|     to always fail with ENOSYS.  Some functions are actually named
|     something starting with __ and the normal name is an alias.  */
| #if defined (__stub__doprnt) || defined (__stub____doprnt)
| choke me
| #else
| char (*f) () = _doprnt;
| #endif
| #ifdef __cplusplus
| }
| #endif
| 
| int
| main ()
| {
| return f != _doprnt;
|   ;
|   return 0;
| }
configure:19852: result: no
configure:19879: checking for memmove
configure:19936: gcc -o conftest -g -O2   conftest.c  >&5
conftest.c:58:6: warning: incompatible redeclaration of library function 'memmove' [-Wincompatible-library-redeclaration]
   58 | char memmove ();
      |      ^
conftest.c:58:6: note: 'memmove' is a builtin with type 'void *(void *, const void *, unsigned long)'
1 warning generated.
configure:19942: $? = 0
configure:19946: test -z 
			 || test ! -s conftest.err
configure:19949: $? = 0
configure:19952: test -s conftest
configure:19955: $? = 0
configure:19967: result: yes
configure:19879: checking for memset
configure:19936: gcc -o conftest -g -O2   conftest.c  >&5
conftest.c:59:6: warning: incompatible redeclaration of library function 'memset' [-Wincompatible-library-redeclaration]
   59 | char memset ();
      |      ^
conftest.c:59:6: note: 'memset' is a builtin with type 'void *(void *, int, unsigned long)'
1 warning generated.
configure:19942: $? = 0
configure:19946: test -z 
			 || test ! -s conftest.err
configure:19949: $? = 0
configure:19952: test -s conftest
configure:19955: $? = 0
configure:19967: result: yes
configure:19879: checking for fcntl
configure:19936: gcc -o conftest -g -O2   conftest.c  >&5
configure:19942: $? = 0
configure:19946: test -z 
			 || test ! -s conftest.err
configure:19949: $? = 0
configure:19952: test -s conftest
configure:19955: $? = 0
configure:19967: result: yes
configure:19879: checking for strcasecmp
configure:19936: gcc -o conftest -g -O2   conftest.c  >&5
conftest.c:61:6: warning: incompatible redeclaration of library function 'strcasecmp' [-Wincompatible-library-redeclaration]
   61 | char strcasecmp ();
      |      ^
conftest.c:61:6: note: 'strcasecmp' is a builtin with type 'int (const char *, const char *)'
1 warning generated.
configure:19942: $? = 0
configure:19946: test -z 
			 || test ! -s conftest.err
configure:19949: $? = 0
configure:19952: test -s conftest
configure:19955: $? = 0
configure:19967: result: yes
configure:19879: checking for strchr
configure:19936: gcc -o conftest -g -O2   conftest.c  >&5
conftest.c:62:6: warning: incompatible redeclaration of library function 'strchr' [-Wincompatible-library-redeclaration]
   62 | char strchr ();
      |      ^
conftest.c:62:6: note: 'strchr' is a builtin with type 'char *(const char *, int)'
1 warning generated.
configure:19942: $? = 0
configure:19946: test -z 
			 || test ! -s conftest.err
configure:19949: $? = 0
configure:19952: test -s conftest
configure:19955: $? = 0
configure:19967: result: yes
configure:19879: checking for strrchr
configure:19936: gcc -o conftest -g -O2   conftest.c  >&5
conftest.c:63:6: warning: incompatible redeclaration of library function 'strrchr' [-Wincompatible-library-redeclaration]
   63 | char strrchr ();
      |      ^
conftest.c:63:6: note: 'strrchr' is a builtin with type 'char *(const char *, int)'
1 warning generated.
configure:19942: $? = 0
configure:19946: test -z 
			 || test ! -s conftest.err
configure:19949: $? = 0
configure:19952: test -s conftest
configure:19955: $? = 0
configure:19967: result: yes
configure:19879: checking for strdup
configure:19936: gcc -o conftest -g -O2   conftest.c  >&5
conftest.c:64:6: warning: incompatible redeclaration of library function 'strdup' [-Wincompatible-library-redeclaration]
   64 | char strdup ();
      |      ^
conftest.c:64:6: note: 'strdup' is a builtin with type 'char *(const char *)'
1 warning generated.
configure:19942: $? = 0
configure:19946: test -z 
			 || test ! -s conftest.err
configure:19949: $? = 0
configure:19952: test -s conftest
configure:19955: $? = 0
configure:19967: result: yes
configure:19879: checking for strstr
configure:19936: gcc -o conftest -g -O2   conftest.c  >&5
conftest.c:65:6: warning: incompatible redeclaration of library function 'strstr' [-Wincompatible-library-redeclaration]
   65 | char strstr ();
      |      ^
conftest.c:65:6: note: 'strstr' is a builtin with type 'char *(const char *, const char *)'
1 warning generated.
configure:19942: $? = 0
configure:19946: test -z 
			 || test ! -s conftest.err
configure:19949: $? = 0
configure:19952: test -s conftest
configure:19955: $? = 0
configure:19967: result: yes
configure:19879: checking for strtol
configure:19936: gcc -o conftest -g -O2   conftest.c  >&5
conftest.c:66:6: warning: incompatible redeclaration of library function 'strtol' [-Wincompatible-library-redeclaration]
   66 | char strtol ();
      |      ^
conftest.c:66:6: note: 'strtol' is a builtin with type 'long (const char *, char **, int)'
1 warning generated.
configure:19942: $? = 0
configure:19946: test -z 
			 || test ! -s conftest.err
configure:19949: $? = 0
configure:19952: test -s conftest
configure:19955: $? = 0
configure:19967: result: yes
configure:20144: creating ./config.status

## ---------------------- ##
## Running config.status. ##
## ---------------------- ##

This file was extended by VBISAM config.status 2.0, which was
generated by GNU Autoconf 2.59.  Invocation command line was

  CONFIG_FILES    = 
  CONFIG_HEADERS  = 
  CONFIG_LINKS    = 
  CONFIG_COMMANDS = 
  $ ./config.status 

on ShunsakunoMacBook-Pro.local

config.status:721: creating Makefile
config.status:721: creating libvbisam/Makefile
config.status:721: creating bin/Makefile
config.status:721: creating tests/atlocal
config.status:721: creating tests/Makefile
config.status:825: creating config.h
config.status:1173: executing tests/atconfig commands
config.status:1173: executing depfiles commands

## ---------------- ##
## Cache variables. ##
## ---------------- ##

ac_cv_build=arm-apple-darwin24.6.0
ac_cv_build_alias=arm-apple-darwin24.6.0
ac_cv_c_bigendian=no
ac_cv_c_compiler_gnu=yes
ac_cv_c_const=yes
ac_cv_env_CC_set=
ac_cv_env_CC_value=
ac_cv_env_CFLAGS_set=
ac_cv_env_CFLAGS_value=
ac_cv_env_CPPFLAGS_set=
ac_cv_env_CPPFLAGS_value=
ac_cv_env_CPP_set=
ac_cv_env_CPP_value=
ac_cv_env_CXXCPP_set=
ac_cv_env_CXXCPP_value=
ac_cv_env_LDFLAGS_set=
ac_cv_env_LDFLAGS_value=
ac_cv_env_build_alias_set=
ac_cv_env_build_alias_value=
ac_cv_env_host_alias_set=
ac_cv_env_host_alias_value=
ac_cv_env_target_alias_set=
ac_cv_env_target_alias_value=
ac_cv_exeext=
ac_cv_func__doprnt=no
ac_cv_func_alloca_works=yes
ac_cv_func_fcntl=yes
ac_cv_func_memmove=yes
ac_cv_func_memset=yes
ac_cv_func_strcasecmp=yes
ac_cv_func_strchr=yes
ac_cv_func_strdup=yes
ac_cv_func_strrchr=yes
ac_cv_func_strstr=yes
ac_cv_func_strtol=yes
ac_cv_func_vprintf=yes
ac_cv_header_dlfcn_h=yes
ac_cv_header_fcntl_h=yes
ac_cv_header_inttypes_h=yes
ac_cv_header_malloc_h=no
ac_cv_header_memory_h=yes
ac_cv_header_stdc=no
ac_cv_header_stddef_h=yes
ac_cv_header_stdint_h=yes
ac_cv_header_stdlib_h=yes
ac_cv_header_string_h=yes
ac_cv_header_strings_h=yes
ac_cv_header_sys_stat_h=yes
ac_cv_header_sys_types_h=yes
ac_cv_header_unistd_h=yes
ac_cv_header_wchar_h=yes
ac_cv_host=arm-apple-darwin24.6.0
ac_cv_host_alias=arm-apple-darwin24.6.0
ac_cv_objext=o
ac_cv_path_install='/usr/bin/install -c'
ac_cv_prog_AWK=awk
ac_cv_prog_CPP='gcc -E'
ac_cv_prog_ac_ct_AR=ar
ac_cv_prog_ac_ct_CC=gcc
ac_cv_prog_ac_ct_RANLIB=ranlib
ac_cv_prog_ac_ct_STRIP=strip
ac_cv_prog_cc_g=yes
ac_cv_prog_cc_stdc=
ac_cv_prog_egrep='grep -E'
ac_cv_prog_make_make_set=yes
ac_cv_struct_tm=time.h
ac_cv_type_long_long=yes
ac_cv_type_size_t=yes
ac_cv_working_alloca_h=yes
am_cv_CC_dependencies_compiler_type=gcc3
lt_cv_deplibs_check_method=pass_all
lt_cv_file_magic_cmd='$MAGIC_CMD'
lt_cv_file_magic_test_file=
lt_cv_ld_reload_flag=-r
lt_cv_objdir=.libs
lt_cv_path_LD=/Library/Developer/CommandLineTools/usr/bin/ld
lt_cv_path_NM='/usr/bin/nm -B'
lt_cv_path_SED=/usr/bin/sed
lt_cv_prog_compiler_c_o=yes
lt_cv_prog_compiler_rtti_exceptions=yes
lt_cv_prog_gnu_ld=no
lt_cv_sys_global_symbol_pipe='sed -n -e '\''s/^.*[ 	]\([ABCDGIRSTW][ABCDGIRSTW]*\)[ 	][ 	]*_\([_A-Za-z][_A-Za-z0-9]*\)$/\1 _\2 \2/p'\'''
lt_cv_sys_global_symbol_to_c_name_address='sed -n -e '\''s/^: \([^ ]*\) $/  {\"\1\", (lt_ptr) 0},/p'\'' -e '\''s/^[BCDEGRST] \([^ ]*\) \([^ ]*\)$/  {"\2", (lt_ptr) \&\2},/p'\'''
lt_cv_sys_global_symbol_to_cdecl='sed -n -e '\''s/^. .* \(.*\)$/extern int \1;/p'\'''
lt_cv_sys_max_cmd_len=786432
lt_lt_cv_prog_compiler_c_o='"yes"'
lt_lt_cv_sys_global_symbol_pipe='"sed -n -e '\''s/^.*[ 	]\\([ABCDGIRSTW][ABCDGIRSTW]*\\)[ 	][ 	]*_\\([_A-Za-z][_A-Za-z0-9]*\\)\$/\\1 _\\2 \\2/p'\''"'
lt_lt_cv_sys_global_symbol_to_c_name_address='"sed -n -e '\''s/^: \\([^ ]*\\) \$/  {\\\"\\1\\\", (lt_ptr) 0},/p'\'' -e '\''s/^[BCDEGRST] \\([^ ]*\\) \\([^ ]*\\)\$/  {\"\\2\", (lt_ptr) \\&\\2},/p'\''"'
lt_lt_cv_sys_global_symbol_to_cdecl='"sed -n -e '\''s/^. .* \\(.*\\)\$/extern int \\1;/p'\''"'

## ----------------- ##
## Output variables. ##
## ----------------- ##

ACLOCAL='${SHELL} /Users/uemonmac/dev/__claude/__ziglibs/extfh/lib/vbisam-osscons-patch-main/missing --run aclocal-1.9'
ALLOCA=''
AMDEPBACKSLASH='\'
AMDEP_FALSE='#'
AMDEP_TRUE=''
AMTAR='${SHELL} /Users/uemonmac/dev/__claude/__ziglibs/extfh/lib/vbisam-osscons-patch-main/missing --run tar'
AR='ar'
AS='as'
AUTOCONF='${SHELL} /Users/uemonmac/dev/__claude/__ziglibs/extfh/lib/vbisam-osscons-patch-main/missing --run autoconf'
AUTOHEADER='${SHELL} /Users/uemonmac/dev/__claude/__ziglibs/extfh/lib/vbisam-osscons-patch-main/missing --run autoheader'
AUTOMAKE='${SHELL} /Users/uemonmac/dev/__claude/__ziglibs/extfh/lib/vbisam-osscons-patch-main/missing --run automake-1.9'
AWK='awk'
CC='gcc'
CCDEPMODE='depmode=gcc3'
CFLAGS='-g -O2 -finline-functions -fsigned-char -Wall -Wwrite-strings -Wmissing-prototypes -Wno-format-y2k'
CPP='gcc -E'
CPPFLAGS=''
CXXCPP=''
CYGPATH_W='echo'
DEFS='-DHAVE_CONFIG_H'
DEPDIR='.deps'
DLLTOOL='dlltool'
ECHO='/bin/echo'
ECHO_C='ECHO_N=''
ECHO_T=''
EGREP='grep -E'
EXEEXT=''
INSTALL_DATA='${INSTALL} -m 644'
INSTALL_PROGRAM='${INSTALL}'
INSTALL_SCRIPT='${INSTALL}'
INSTALL_STRIP_PROGRAM='${SHELL} $(install_sh) -c -s'
LDFLAGS=''
LIBOBJS=''
LIBS=''
LIBTOOL='$(SHELL) $(top_builddir)/libtool'
LN_S='ln -s'
LTLIBOBJS=''
MAINT='#'
MAINTAINER_MODE_FALSE=''
MAINTAINER_MODE_TRUE='#'
MAKEINFO='${SHELL} /Users/uemonmac/dev/__claude/__ziglibs/extfh/lib/vbisam-osscons-patch-main/missing --run makeinfo'
OBJDUMP='objdump'
OBJEXT='o'
PACKAGE='vbisam'
PACKAGE_BUGREPORT='vbisam-list@lists.sourceforge.net'
PACKAGE_NAME='VBISAM'
PACKAGE_STRING='VBISAM 2.0'
PACKAGE_TARNAME='vbisam'
PACKAGE_VERSION='2.0'
PATH_SEPARATOR=':'
RANLIB='ranlib'
SED='/usr/bin/sed'
SET_MAKE=''
SHELL='/bin/sh'
STRIP='strip'
VERSION='2.0'
ac_ct_AR='ar'
ac_ct_AS=''
ac_ct_CC='gcc'
ac_ct_DLLTOOL=''
ac_ct_OBJDUMP=''
ac_ct_RANLIB='ranlib'
ac_ct_STRIP='strip'
am__fastdepCC_FALSE='#'
am__fastdepCC_TRUE=''
am__include='include'
am__leading_dot='.'
am__quote=''
am__tar='${AMTAR} chof - "$$tardir"'
am__untar='${AMTAR} xf -'
bindir='${exec_prefix}/bin'
build='arm-apple-darwin24.6.0'
build_alias=''
build_cpu='arm'
build_os='darwin24.6.0'
build_vendor='apple'
datadir='${prefix}/share'
exec_prefix='${prefix}'
host='arm-apple-darwin24.6.0'
host_alias=''
host_cpu='arm'
host_os='darwin24.6.0'
host_vendor='apple'
includedir='${prefix}/include'
infodir='${prefix}/info'
install_sh='/Users/uemonmac/dev/__claude/__ziglibs/extfh/lib/vbisam-osscons-patch-main/install-sh'
libdir='${exec_prefix}/lib'
libexecdir='${exec_prefix}/libexec'
localstatedir='${prefix}/var'
mandir='${prefix}/man'
mkdir_p='$(install_sh) -d'
oldincludedir='/usr/include'
prefix='/usr/local'
program_transform_name='s,x,x,'
sbindir='${exec_prefix}/sbin'
sharedstatedir='${prefix}/com'
sysconfdir='${prefix}/etc'
target_alias=''

## ----------- ##
## confdefs.h. ##
## ----------- ##

#define HAVE_ALLOCA 1
#define HAVE_ALLOCA_H 1
#define HAVE_DLFCN_H 1
#define HAVE_FCNTL 1
#define HAVE_FCNTL_H 1
#define HAVE_INTTYPES_H 1
#define HAVE_LONG_LONG 1
#define HAVE_MEMMOVE 1
#define HAVE_MEMORY_H 1
#define HAVE_MEMSET 1
#define HAVE_STDDEF_H 1
#define HAVE_STDINT_H 1
#define HAVE_STDINT_H 1
#define HAVE_STDLIB_H 1
#define HAVE_STRCASECMP 1
#define HAVE_STRCHR 1
#define HAVE_STRDUP 1
#define HAVE_STRINGS_H 1
#define HAVE_STRING_H 1
#define HAVE_STRRCHR 1
#define HAVE_STRSTR 1
#define HAVE_STRTOL 1
#define HAVE_SYS_STAT_H 1
#define HAVE_SYS_TYPES_H 1
#define HAVE_SYS_TYPES_H 1
#define HAVE_UNISTD_H 1
#define HAVE_VPRINTF 1
#define HAVE_WCHAR_H 1
#define ISAMMODE 1
#define PACKAGE "vbisam"
#define PACKAGE_BUGREPORT "vbisam-list@lists.sourceforge.net"
#define PACKAGE_NAME "VBISAM"
#define PACKAGE_STRING "VBISAM 2.0"
#define PACKAGE_TARNAME "vbisam"
#define PACKAGE_VERSION "2.0"
#define VERSION "2.0"
#define WITH_LFS64 1
#define WITH_LFS64 1
#define __USE_STRING_INLINES 1

configure: exit 0
